<?xml version="1.0" encoding="UTF-8"?>
<!-- Generated by org.testng.reporters.JUnitReportReporter -->
<testsuite hostname="NBABEL-IN" name="TestCases.NewTest" tests="2" failures="0" timestamp="22 Jul 2017 21:37:21 GMT" time="10.341" errors="0">
  <testcase name="Login" time="5.263" classname="TestCases.NewTest"/>
  <testcase name="Logout" time="5.078" classname="TestCases.NewTest"/>
</testsuite> <!-- TestCases.NewTest -->
