<?xml version="1.0" encoding="UTF-8"?>
<!-- Generated by org.testng.reporters.JUnitReportReporter -->
<testsuite hostname="NBABEL-IN" name="TestCases.DataProviderTest" tests="1" failures="0" timestamp="23 Jul 2017 06:28:45 GMT" time="31.162" errors="0">
  <testcase name="Login" time="31.162" classname="TestCases.DataProviderTest"/>
</testsuite> <!-- TestCases.DataProviderTest -->
