<?xml version="1.0" encoding="UTF-8"?>
<!-- Generated by org.testng.reporters.JUnitReportReporter -->
<testsuite hostname="NBABEL-IN" name="TestCases.TestNGParam" tests="2" failures="0" timestamp="22 Jul 2017 21:36:17 GMT" time="10.324" errors="0">
  <testcase name="Logout" time="5.070" classname="TestCases.TestNGParam"/>
  <testcase name="Login" time="5.254" classname="TestCases.TestNGParam"/>
</testsuite> <!-- TestCases.TestNGParam -->
